Build started 4/5/2014 12:17:58 PM.
     1>Project "C:\Users\Ady\Documents\Visual Studio 2012\Projects\Win32Project4\Win32Project4\Win32Project4.vcxproj" on node 2 (Build target(s)).
     1>ClCompile:
         C:\Program Files (x86)\Microsoft Visual Studio 11.0\VC\bin\CL.exe /c /Zi /nologo /W3 /WX- /Od /Oy- /D WIN32 /D _DEBUG /D _WINDOWS /D _UNICODE /D UNICODE /Gm /EHsc /RTC1 /MDd /GS /fp:precise /Zc:wchar_t /Zc:forScope /Yc"stdafx.h" /Fp"Debug\Win32Project4.pch" /Fo"Debug\\" /Fd"Debug\vc110.pdb" /Gd /TP /analyze- /errorReport:prompt stdafx.cpp
         stdafx.cpp
     1>c:\users\ady\documents\visual studio 2012\projects\win32project4\win32project4\MyForm.h(5): error C2871: 'System' : a namespace with this name does not exist
     1>c:\users\ady\documents\visual studio 2012\projects\win32project4\win32project4\MyForm.h(6): error C2653: 'System' : is not a class or namespace name
     1>c:\users\ady\documents\visual studio 2012\projects\win32project4\win32project4\MyForm.h(6): error C2871: 'ComponentModel' : a namespace with this name does not exist
     1>c:\users\ady\documents\visual studio 2012\projects\win32project4\win32project4\MyForm.h(7): error C2653: 'System' : is not a class or namespace name
     1>c:\users\ady\documents\visual studio 2012\projects\win32project4\win32project4\MyForm.h(7): error C2871: 'Collections' : a namespace with this name does not exist
     1>c:\users\ady\documents\visual studio 2012\projects\win32project4\win32project4\MyForm.h(8): error C2653: 'System' : is not a class or namespace name
     1>c:\users\ady\documents\visual studio 2012\projects\win32project4\win32project4\MyForm.h(8): error C2871: 'Forms' : a namespace with this name does not exist
     1>c:\users\ady\documents\visual studio 2012\projects\win32project4\win32project4\MyForm.h(9): error C2653: 'System' : is not a class or namespace name
     1>c:\users\ady\documents\visual studio 2012\projects\win32project4\win32project4\MyForm.h(9): error C2871: 'Data' : a namespace with this name does not exist
     1>c:\users\ady\documents\visual studio 2012\projects\win32project4\win32project4\MyForm.h(10): error C2653: 'System' : is not a class or namespace name
     1>c:\users\ady\documents\visual studio 2012\projects\win32project4\win32project4\MyForm.h(10): error C2871: 'Drawing' : a namespace with this name does not exist
     1>c:\users\ady\documents\visual studio 2012\projects\win32project4\win32project4\MyForm.h(15): error C2059: syntax error : 'public'
     1>c:\users\ady\documents\visual studio 2012\projects\win32project4\win32project4\MyForm.h(15): error C2653: 'System' : is not a class or namespace name
     1>c:\users\ady\documents\visual studio 2012\projects\win32project4\win32project4\MyForm.h(16): error C2143: syntax error : missing ';' before '{'
     1>c:\users\ady\documents\visual studio 2012\projects\win32project4\win32project4\MyForm.h(16): error C2447: '{' : missing function header (old-style formal list?)
     1>Done Building Project "C:\Users\Ady\Documents\Visual Studio 2012\Projects\Win32Project4\Win32Project4\Win32Project4.vcxproj" (Build target(s)) -- FAILED.

Build FAILED.

Time Elapsed 00:00:00.53
